<?xml version="1.0" encoding="UTF-8"?>
<testsuite name="hextex.io.WriteBibTeXTest" tests="1" skipped="0" failures="0" errors="0" timestamp="2017-04-19T10:40:22" hostname="Ilari-PC" time="0.016">
  <properties/>
  <testcase name="writeBibTeXCorrectly" classname="hextex.io.WriteBibTeXTest" time="0.016"/>
  <system-out><![CDATA[]]></system-out>
  <system-err><![CDATA[]]></system-err>
</testsuite>
