<?xml version="1.0" encoding="UTF-8"?>
<testsuite name="hextex.io.WriteBibTeXTest" tests="1" skipped="0" failures="0" errors="0" timestamp="2017-04-08T09:23:35" hostname="Omistaja-MacBook-Pro.local" time="0.004">
  <properties/>
  <testcase name="writeBibTeXCorrectly" classname="hextex.io.WriteBibTeXTest" time="0.004"/>
  <system-out><![CDATA[]]></system-out>
  <system-err><![CDATA[]]></system-err>
</testsuite>
