<?xml version="1.0" encoding="UTF-8"?>
<testsuite name="hextex.io.WriteBibTeXTest" tests="1" skipped="0" failures="0" errors="0" timestamp="2017-04-21T11:52:39" hostname="dhcp-asv-82" time="0.003">
  <properties/>
  <testcase name="writeBibTeXCorrectly" classname="hextex.io.WriteBibTeXTest" time="0.003"/>
  <system-out><![CDATA[]]></system-out>
  <system-err><![CDATA[]]></system-err>
</testsuite>
