<?xml version="1.0" encoding="UTF-8"?>
<testsuite name="hextex.MainTest" tests="1" skipped="0" failures="0" errors="0" timestamp="2017-04-08T09:23:35" hostname="Omistaja-MacBook-Pro.local" time="0.0">
  <properties/>
  <testcase name="hello" classname="hextex.MainTest" time="0.0"/>
  <system-out><![CDATA[]]></system-out>
  <system-err><![CDATA[]]></system-err>
</testsuite>
