<?xml version="1.0" encoding="UTF-8"?>
<testsuite name="hextex.MainTest" tests="1" skipped="0" failures="0" errors="0" timestamp="2017-03-30T10:23:16" hostname="Aleksis-MBP" time="0.002">
  <properties/>
  <testcase name="hello" classname="hextex.MainTest" time="0.002"/>
  <system-out><![CDATA[]]></system-out>
  <system-err><![CDATA[]]></system-err>
</testsuite>
