<?xml version="1.0" encoding="UTF-8"?>
<<<<<<< HEAD
<testsuite name="hextex.MainTest" tests="1" skipped="0" failures="0" errors="0" timestamp="2017-04-21T11:52:39" hostname="dhcp-asv-82" time="0.0">
=======
<testsuite name="hextex.MainTest" tests="1" skipped="0" failures="0" errors="0" timestamp="2017-04-20T10:23:56" hostname="Aleksis-MBP" time="0.0">
>>>>>>> 81e5504eff5789b8cbc10d38144e5867dd4d56d6
  <properties/>
  <testcase name="hello" classname="hextex.MainTest" time="0.0"/>
  <system-out><![CDATA[]]></system-out>
  <system-err><![CDATA[]]></system-err>
</testsuite>
